# JRE version: Java(TM) SE Runtime Environment (14.0+36) (build 14+36-1461)
# Java VM: Java HotSpot(TM) 64-Bit Server VM (14+36-1461, mixed mode, sharing, tiered, compressed oops, g1 gc, windows-amd64)
Heap:
 garbage-first heap   total 126976K, used 37336K [0x0000000702000000, 0x0000000800000000)
  region size 1024K, 12 young (12288K), 7 survivors (7168K)
 Metaspace       used 46278K, capacity 47060K, committed 47132K, reserved 1091584K
  class space    used 5508K, capacity 5748K, committed 5784K, reserved 1048576K
GC Heap History (18 events):
Event: 0.512 GC heap before
{Heap before GC invocations=0 (full 0):
 garbage-first heap   total 260096K, used 23552K [0x0000000702000000, 0x0000000800000000)
  region size 1024K, 23 young (23552K), 0 survivors (0K)
 Metaspace       used 6361K, capacity 7497K, committed 7680K, reserved 1056768K
  class space    used 801K, capacity 926K, committed 1024K, reserved 1048576K
}
Event: 0.515 GC heap after
{Heap after GC invocations=1 (full 0):
 garbage-first heap   total 260096K, used 5045K [0x0000000702000000, 0x0000000800000000)
  region size 1024K, 3 young (3072K), 3 survivors (3072K)
 Metaspace       used 6361K, capacity 7497K, committed 7680K, reserved 1056768K
  class space    used 801K, capacity 926K, committed 1024K, reserved 1048576K
}
Event: 0.722 GC heap before
{Heap before GC invocations=1 (full 0):
 garbage-first heap   total 260096K, used 34741K [0x0000000702000000, 0x0000000800000000)
  region size 1024K, 32 young (32768K), 3 survivors (3072K)
 Metaspace       used 13749K, capacity 14041K, committed 14336K, reserved 1062912K
  class space    used 1669K, capacity 1751K, committed 1792K, reserved 1048576K
}
Event: 0.726 GC heap after
{Heap after GC invocations=2 (full 0):
 garbage-first heap   total 260096K, used 7035K [0x0000000702000000, 0x0000000800000000)
  region size 1024K, 2 young (2048K), 2 survivors (2048K)
 Metaspace       used 13749K, capacity 14041K, committed 14336K, reserved 1062912K
  class space    used 1669K, capacity 1751K, committed 1792K, reserved 1048576K
}
Event: 1.529 GC heap before
{Heap before GC invocations=2 (full 0):
 garbage-first heap   total 260096K, used 104315K [0x0000000702000000, 0x0000000800000000)
  region size 1024K, 98 young (100352K), 2 survivors (2048K)
 Metaspace       used 20746K, capacity 21138K, committed 21296K, reserved 1069056K
  class space    used 2514K, capacity 2628K, committed 2688K, reserved 1048576K
}
Event: 1.535 GC heap after
{Heap after GC invocations=3 (full 0):
 garbage-first heap   total 260096K, used 11865K [0x0000000702000000, 0x0000000800000000)
  region size 1024K, 7 young (7168K), 7 survivors (7168K)
 Metaspace       used 20746K, capacity 21138K, committed 21296K, reserved 1069056K
  class space    used 2514K, capacity 2628K, committed 2688K, reserved 1048576K
}
Event: 1.850 GC heap before
{Heap before GC invocations=4 (full 0):
 garbage-first heap   total 48128K, used 41561K [0x0000000702000000, 0x0000000800000000)
  region size 1024K, 36 young (36864K), 7 survivors (7168K)
 Metaspace       used 25391K, capacity 25883K, committed 25980K, reserved 1073152K
  class space    used 3083K, capacity 3248K, committed 3276K, reserved 1048576K
}
Event: 1.858 GC heap after
{Heap after GC invocations=5 (full 0):
 garbage-first heap   total 55296K, used 17437K [0x0000000702000000, 0x0000000800000000)
  region size 1024K, 5 young (5120K), 5 survivors (5120K)
 Metaspace       used 25391K, capacity 25883K, committed 25980K, reserved 1073152K
  class space    used 3083K, capacity 3248K, committed 3276K, reserved 1048576K
}
Event: 2.036 GC heap before
{Heap before GC invocations=5 (full 0):
 garbage-first heap   total 55296K, used 35869K [0x0000000702000000, 0x0000000800000000)
  region size 1024K, 24 young (24576K), 5 survivors (5120K)
 Metaspace       used 26875K, capacity 27364K, committed 27516K, reserved 1073152K
  class space    used 3259K, capacity 3442K, committed 3532K, reserved 1048576K
}
Event: 2.040 GC heap after
{Heap after GC invocations=6 (full 0):
 garbage-first heap   total 157696K, used 19340K [0x0000000702000000, 0x0000000800000000)
  region size 1024K, 2 young (2048K), 2 survivors (2048K)
 Metaspace       used 26875K, capacity 27364K, committed 27516K, reserved 1073152K
  class space    used 3259K, capacity 3442K, committed 3532K, reserved 1048576K
}
Event: 2.736 GC heap before
{Heap before GC invocations=6 (full 0):
 garbage-first heap   total 157696K, used 111500K [0x0000000702000000, 0x0000000800000000)
  region size 1024K, 92 young (94208K), 2 survivors (2048K)
 Metaspace       used 32375K, capacity 32881K, committed 33020K, reserved 1079296K
  class space    used 3870K, capacity 4042K, committed 4172K, reserved 1048576K
}
Event: 2.745 GC heap after
{Heap after GC invocations=7 (full 0):
 garbage-first heap   total 157696K, used 26642K [0x0000000702000000, 0x0000000800000000)
  region size 1024K, 9 young (9216K), 9 survivors (9216K)
 Metaspace       used 32375K, capacity 32881K, committed 33020K, reserved 1079296K
  class space    used 3870K, capacity 4042K, committed 4172K, reserved 1048576K
}
Event: 3.283 GC heap before
{Heap before GC invocations=7 (full 0):
 garbage-first heap   total 157696K, used 111634K [0x0000000702000000, 0x0000000800000000)
  region size 1024K, 92 young (94208K), 9 survivors (9216K)
 Metaspace       used 34698K, capacity 35250K, committed 35580K, reserved 1081344K
  class space    used 4158K, capacity 4348K, committed 4428K, reserved 1048576K
}
Event: 3.290 GC heap after
{Heap after GC invocations=8 (full 0):
 garbage-first heap   total 157696K, used 29490K [0x0000000702000000, 0x0000000800000000)
  region size 1024K, 3 young (3072K), 3 survivors (3072K)
 Metaspace       used 34698K, capacity 35250K, committed 35580K, reserved 1081344K
  class space    used 4158K, capacity 4348K, committed 4428K, reserved 1048576K
}
Event: 3.586 GC heap before
{Heap before GC invocations=8 (full 0):
 garbage-first heap   total 157696K, used 90930K [0x0000000702000000, 0x0000000800000000)
  region size 1024K, 64 young (65536K), 3 survivors (3072K)
 Metaspace       used 35416K, capacity 35964K, committed 36048K, reserved 1081344K
  class space    used 4219K, capacity 4415K, committed 4428K, reserved 1048576K
}
Event: 3.590 GC heap after
{Heap after GC invocations=9 (full 0):
 garbage-first heap   total 157696K, used 29108K [0x0000000702000000, 0x0000000800000000)
  region size 1024K, 3 young (3072K), 3 survivors (3072K)
 Metaspace       used 35416K, capacity 35964K, committed 36048K, reserved 1081344K
  class space    used 4219K, capacity 4415K, committed 4428K, reserved 1048576K
}
Event: 57.691 GC heap before
{Heap before GC invocations=10 (full 0):
 garbage-first heap   total 126976K, used 101812K [0x0000000702000000, 0x0000000800000000)
  region size 1024K, 74 young (75776K), 3 survivors (3072K)
 Metaspace       used 46258K, capacity 46995K, committed 47132K, reserved 1091584K
  class space    used 5508K, capacity 5748K, committed 5784K, reserved 1048576K
}
Event: 57.697 GC heap after
{Heap after GC invocations=11 (full 0):
 garbage-first heap   total 126976K, used 33240K [0x0000000702000000, 0x0000000800000000)
  region size 1024K, 7 young (7168K), 7 survivors (7168K)
 Metaspace       used 46258K, capacity 46995K, committed 47132K, reserved 1091584K
  class space    used 5508K, capacity 5748K, committed 5784K, reserved 1048576K
}

