# JRE version: Java(TM) SE Runtime Environment (14.0+36) (build 14+36-1461)
# Java VM: Java HotSpot(TM) 64-Bit Server VM (14+36-1461, mixed mode, sharing, tiered, compressed oops, g1 gc, windows-amd64)
Heap:
 garbage-first heap   total 126976K, used 62482K [0x0000000702000000, 0x0000000800000000)
  region size 1024K, 35 young (35840K), 9 survivors (9216K)
 Metaspace       used 42951K, capacity 43725K, committed 43952K, reserved 1087488K
  class space    used 5018K, capacity 5280K, committed 5376K, reserved 1048576K
GC Heap History (20 events):
Event: 0.483 GC heap before
{Heap before GC invocations=0 (full 0):
 garbage-first heap   total 260096K, used 23552K [0x0000000702000000, 0x0000000800000000)
  region size 1024K, 23 young (23552K), 0 survivors (0K)
 Metaspace       used 6347K, capacity 7497K, committed 7680K, reserved 1056768K
  class space    used 797K, capacity 926K, committed 1024K, reserved 1048576K
}
Event: 0.486 GC heap after
{Heap after GC invocations=1 (full 0):
 garbage-first heap   total 260096K, used 5059K [0x0000000702000000, 0x0000000800000000)
  region size 1024K, 3 young (3072K), 3 survivors (3072K)
 Metaspace       used 6347K, capacity 7497K, committed 7680K, reserved 1056768K
  class space    used 797K, capacity 926K, committed 1024K, reserved 1048576K
}
Event: 0.683 GC heap before
{Heap before GC invocations=1 (full 0):
 garbage-first heap   total 260096K, used 34755K [0x0000000702000000, 0x0000000800000000)
  region size 1024K, 32 young (32768K), 3 survivors (3072K)
 Metaspace       used 13638K, capacity 13977K, committed 14080K, reserved 1060864K
  class space    used 1649K, capacity 1751K, committed 1792K, reserved 1048576K
}
Event: 0.686 GC heap after
{Heap after GC invocations=2 (full 0):
 garbage-first heap   total 260096K, used 7021K [0x0000000702000000, 0x0000000800000000)
  region size 1024K, 2 young (2048K), 2 survivors (2048K)
 Metaspace       used 13638K, capacity 13977K, committed 14080K, reserved 1060864K
  class space    used 1649K, capacity 1751K, committed 1792K, reserved 1048576K
}
Event: 1.510 GC heap before
{Heap before GC invocations=2 (full 0):
 garbage-first heap   total 260096K, used 106349K [0x0000000702000000, 0x0000000800000000)
  region size 1024K, 100 young (102400K), 2 survivors (2048K)
 Metaspace       used 20747K, capacity 21137K, committed 21296K, reserved 1069056K
  class space    used 2511K, capacity 2628K, committed 2688K, reserved 1048576K
}
Event: 1.515 GC heap after
{Heap after GC invocations=3 (full 0):
 garbage-first heap   total 260096K, used 12042K [0x0000000702000000, 0x0000000800000000)
  region size 1024K, 7 young (7168K), 7 survivors (7168K)
 Metaspace       used 20747K, capacity 21137K, committed 21296K, reserved 1069056K
  class space    used 2511K, capacity 2628K, committed 2688K, reserved 1048576K
}
Event: 1.781 GC heap before
{Heap before GC invocations=4 (full 0):
 garbage-first heap   total 48128K, used 33546K [0x0000000702000000, 0x0000000800000000)
  region size 1024K, 28 young (28672K), 7 survivors (7168K)
 Metaspace       used 23868K, capacity 24341K, committed 24496K, reserved 1071104K
  class space    used 2907K, capacity 3055K, committed 3072K, reserved 1048576K
}
Event: 1.787 GC heap after
{Heap after GC invocations=5 (full 0):
 garbage-first heap   total 48128K, used 15362K [0x0000000702000000, 0x0000000800000000)
  region size 1024K, 4 young (4096K), 4 survivors (4096K)
 Metaspace       used 23868K, capacity 24341K, committed 24496K, reserved 1071104K
  class space    used 2907K, capacity 3055K, committed 3072K, reserved 1048576K
}
Event: 1.971 GC heap before
{Heap before GC invocations=5 (full 0):
 garbage-first heap   total 48128K, used 32770K [0x0000000702000000, 0x0000000800000000)
  region size 1024K, 22 young (22528K), 4 survivors (4096K)
 Metaspace       used 26127K, capacity 26592K, committed 26800K, reserved 1073152K
  class space    used 3161K, capacity 3313K, committed 3328K, reserved 1048576K
}
Event: 1.976 GC heap after
{Heap after GC invocations=6 (full 0):
 garbage-first heap   total 154624K, used 18512K [0x0000000702000000, 0x0000000800000000)
  region size 1024K, 3 young (3072K), 3 survivors (3072K)
 Metaspace       used 26127K, capacity 26592K, committed 26800K, reserved 1073152K
  class space    used 3161K, capacity 3313K, committed 3328K, reserved 1048576K
}
Event: 2.482 GC heap before
{Heap before GC invocations=6 (full 0):
 garbage-first heap   total 154624K, used 80976K [0x0000000702000000, 0x0000000800000000)
  region size 1024K, 64 young (65536K), 3 survivors (3072K)
 Metaspace       used 30427K, capacity 30935K, committed 31152K, reserved 1077248K
  class space    used 3615K, capacity 3806K, committed 3840K, reserved 1048576K
}
Event: 2.489 GC heap after
{Heap after GC invocations=7 (full 0):
 garbage-first heap   total 154624K, used 23474K [0x0000000702000000, 0x0000000800000000)
  region size 1024K, 8 young (8192K), 8 survivors (8192K)
 Metaspace       used 30427K, capacity 30935K, committed 31152K, reserved 1077248K
  class space    used 3615K, capacity 3806K, committed 3840K, reserved 1048576K
}
Event: 2.911 GC heap before
{Heap before GC invocations=7 (full 0):
 garbage-first heap   total 154624K, used 87986K [0x0000000702000000, 0x0000000800000000)
  region size 1024K, 71 young (72704K), 8 survivors (8192K)
 Metaspace       used 33171K, capacity 33725K, committed 33840K, reserved 1079296K
  class space    used 3987K, capacity 4173K, committed 4224K, reserved 1048576K
}
Event: 2.918 GC heap after
{Heap after GC invocations=8 (full 0):
 garbage-first heap   total 154624K, used 28394K [0x0000000702000000, 0x0000000800000000)
  region size 1024K, 5 young (5120K), 5 survivors (5120K)
 Metaspace       used 33171K, capacity 33725K, committed 33840K, reserved 1079296K
  class space    used 3987K, capacity 4173K, committed 4224K, reserved 1048576K
}
Event: 3.363 GC heap before
{Heap before GC invocations=8 (full 0):
 garbage-first heap   total 154624K, used 94954K [0x0000000702000000, 0x0000000800000000)
  region size 1024K, 70 young (71680K), 5 survivors (5120K)
 Metaspace       used 34725K, capacity 35247K, committed 35504K, reserved 1081344K
  class space    used 4157K, capacity 4348K, committed 4352K, reserved 1048576K
}
Event: 3.368 GC heap after
{Heap after GC invocations=9 (full 0):
 garbage-first heap   total 154624K, used 29566K [0x0000000702000000, 0x0000000800000000)
  region size 1024K, 2 young (2048K), 2 survivors (2048K)
 Metaspace       used 34725K, capacity 35247K, committed 35504K, reserved 1081344K
  class space    used 4157K, capacity 4348K, committed 4352K, reserved 1048576K
}
Event: 3.649 GC heap before
{Heap before GC invocations=9 (full 0):
 garbage-first heap   total 154624K, used 83838K [0x0000000702000000, 0x0000000800000000)
  region size 1024K, 56 young (57344K), 2 survivors (2048K)
 Metaspace       used 35214K, capacity 35766K, committed 35888K, reserved 1081344K
  class space    used 4196K, capacity 4414K, committed 4480K, reserved 1048576K
}
Event: 3.652 GC heap after
{Heap after GC invocations=10 (full 0):
 garbage-first heap   total 186368K, used 29661K [0x0000000702000000, 0x0000000800000000)
  region size 1024K, 2 young (2048K), 2 survivors (2048K)
 Metaspace       used 35214K, capacity 35766K, committed 35888K, reserved 1081344K
  class space    used 4196K, capacity 4414K, committed 4480K, reserved 1048576K
}
Event: 46.056 GC heap before
{Heap before GC invocations=11 (full 0):
 garbage-first heap   total 126976K, used 103389K [0x0000000702000000, 0x0000000800000000)
  region size 1024K, 74 young (75776K), 2 survivors (2048K)
 Metaspace       used 42842K, capacity 43596K, committed 43696K, reserved 1087488K
  class space    used 5018K, capacity 5280K, committed 5376K, reserved 1048576K
}
Event: 46.063 GC heap after
{Heap after GC invocations=12 (full 0):
 garbage-first heap   total 126976K, used 36882K [0x0000000702000000, 0x0000000800000000)
  region size 1024K, 9 young (9216K), 9 survivors (9216K)
 Metaspace       used 42842K, capacity 43596K, committed 43696K, reserved 1087488K
  class space    used 5018K, capacity 5280K, committed 5376K, reserved 1048576K
}

