# JRE version: Java(TM) SE Runtime Environment (14.0+36) (build 14+36-1461)
# Java VM: Java HotSpot(TM) 64-Bit Server VM (14+36-1461, mixed mode, sharing, tiered, compressed oops, g1 gc, windows-amd64)
Heap:
 garbage-first heap   total 109568K, used 43725K [0x0000000702000000, 0x0000000800000000)
  region size 1024K, 17 young (17408K), 6 survivors (6144K)
 Metaspace       used 45493K, capacity 46213K, committed 46384K, reserved 1089536K
  class space    used 5397K, capacity 5646K, committed 5760K, reserved 1048576K
GC Heap History (20 events):
Event: 0.912 GC heap before
{Heap before GC invocations=0 (full 0):
 garbage-first heap   total 260096K, used 23552K [0x0000000702000000, 0x0000000800000000)
  region size 1024K, 23 young (23552K), 0 survivors (0K)
 Metaspace       used 6362K, capacity 7497K, committed 7680K, reserved 1056768K
  class space    used 797K, capacity 926K, committed 1024K, reserved 1048576K
}
Event: 0.919 GC heap after
{Heap after GC invocations=1 (full 0):
 garbage-first heap   total 260096K, used 5086K [0x0000000702000000, 0x0000000800000000)
  region size 1024K, 3 young (3072K), 3 survivors (3072K)
 Metaspace       used 6362K, capacity 7497K, committed 7680K, reserved 1056768K
  class space    used 797K, capacity 926K, committed 1024K, reserved 1048576K
}
Event: 1.266 GC heap before
{Heap before GC invocations=1 (full 0):
 garbage-first heap   total 260096K, used 33758K [0x0000000702000000, 0x0000000800000000)
  region size 1024K, 31 young (31744K), 3 survivors (3072K)
 Metaspace       used 13670K, capacity 14033K, committed 14080K, reserved 1060864K
  class space    used 1651K, capacity 1751K, committed 1792K, reserved 1048576K
}
Event: 1.271 GC heap after
{Heap after GC invocations=2 (full 0):
 garbage-first heap   total 260096K, used 6957K [0x0000000702000000, 0x0000000800000000)
  region size 1024K, 2 young (2048K), 2 survivors (2048K)
 Metaspace       used 13670K, capacity 14033K, committed 14080K, reserved 1060864K
  class space    used 1651K, capacity 1751K, committed 1792K, reserved 1048576K
}
Event: 2.781 GC heap before
{Heap before GC invocations=2 (full 0):
 garbage-first heap   total 260096K, used 107309K [0x0000000702000000, 0x0000000800000000)
  region size 1024K, 101 young (103424K), 2 survivors (2048K)
 Metaspace       used 20716K, capacity 21129K, committed 21296K, reserved 1069056K
  class space    used 2503K, capacity 2628K, committed 2688K, reserved 1048576K
}
Event: 2.790 GC heap after
{Heap after GC invocations=3 (full 0):
 garbage-first heap   total 260096K, used 11829K [0x0000000702000000, 0x0000000800000000)
  region size 1024K, 7 young (7168K), 7 survivors (7168K)
 Metaspace       used 20716K, capacity 21129K, committed 21296K, reserved 1069056K
  class space    used 2503K, capacity 2628K, committed 2688K, reserved 1048576K
}
Event: 3.183 GC heap before
{Heap before GC invocations=4 (full 0):
 garbage-first heap   total 48128K, used 33333K [0x0000000702000000, 0x0000000800000000)
  region size 1024K, 28 young (28672K), 7 survivors (7168K)
 Metaspace       used 23648K, capacity 24109K, committed 24240K, reserved 1071104K
  class space    used 2867K, capacity 3023K, committed 3072K, reserved 1048576K
}
Event: 3.194 GC heap after
{Heap after GC invocations=5 (full 0):
 garbage-first heap   total 48128K, used 15032K [0x0000000702000000, 0x0000000800000000)
  region size 1024K, 4 young (4096K), 4 survivors (4096K)
 Metaspace       used 23648K, capacity 24109K, committed 24240K, reserved 1071104K
  class space    used 2867K, capacity 3023K, committed 3072K, reserved 1048576K
}
Event: 3.516 GC heap before
{Heap before GC invocations=5 (full 0):
 garbage-first heap   total 48128K, used 32440K [0x0000000702000000, 0x0000000800000000)
  region size 1024K, 22 young (22528K), 4 survivors (4096K)
 Metaspace       used 26130K, capacity 26520K, committed 26800K, reserved 1073152K
  class space    used 3160K, capacity 3313K, committed 3328K, reserved 1048576K
}
Event: 3.526 GC heap after
{Heap after GC invocations=6 (full 0):
 garbage-first heap   total 154624K, used 18577K [0x0000000702000000, 0x0000000800000000)
  region size 1024K, 3 young (3072K), 3 survivors (3072K)
 Metaspace       used 26130K, capacity 26520K, committed 26800K, reserved 1073152K
  class space    used 3160K, capacity 3313K, committed 3328K, reserved 1048576K
}
Event: 4.394 GC heap before
{Heap before GC invocations=6 (full 0):
 garbage-first heap   total 154624K, used 82065K [0x0000000702000000, 0x0000000800000000)
  region size 1024K, 65 young (66560K), 3 survivors (3072K)
 Metaspace       used 30468K, capacity 30991K, committed 31152K, reserved 1077248K
  class space    used 3617K, capacity 3806K, committed 3840K, reserved 1048576K
}
Event: 4.405 GC heap after
{Heap after GC invocations=7 (full 0):
 garbage-first heap   total 154624K, used 23828K [0x0000000702000000, 0x0000000800000000)
  region size 1024K, 9 young (9216K), 9 survivors (9216K)
 Metaspace       used 30468K, capacity 30991K, committed 31152K, reserved 1077248K
  class space    used 3617K, capacity 3806K, committed 3840K, reserved 1048576K
}
Event: 5.122 GC heap before
{Heap before GC invocations=7 (full 0):
 garbage-first heap   total 154624K, used 89364K [0x0000000702000000, 0x0000000800000000)
  region size 1024K, 73 young (74752K), 9 survivors (9216K)
 Metaspace       used 33393K, capacity 33959K, committed 34096K, reserved 1079296K
  class space    used 4012K, capacity 4208K, committed 4224K, reserved 1048576K
}
Event: 5.137 GC heap after
{Heap after GC invocations=8 (full 0):
 garbage-first heap   total 154624K, used 28833K [0x0000000702000000, 0x0000000800000000)
  region size 1024K, 10 young (10240K), 10 survivors (10240K)
 Metaspace       used 33393K, capacity 33959K, committed 34096K, reserved 1079296K
  class space    used 4012K, capacity 4208K, committed 4224K, reserved 1048576K
}
Event: 5.857 GC heap before
{Heap before GC invocations=8 (full 0):
 garbage-first heap   total 154624K, used 96417K [0x0000000702000000, 0x0000000800000000)
  region size 1024K, 76 young (77824K), 10 survivors (10240K)
 Metaspace       used 34736K, capacity 35303K, committed 35504K, reserved 1081344K
  class space    used 4157K, capacity 4348K, committed 4352K, reserved 1048576K
}
Event: 5.870 GC heap after
{Heap after GC invocations=9 (full 0):
 garbage-first heap   total 154624K, used 29555K [0x0000000702000000, 0x0000000800000000)
  region size 1024K, 6 young (6144K), 6 survivors (6144K)
 Metaspace       used 34736K, capacity 35303K, committed 35504K, reserved 1081344K
  class space    used 4157K, capacity 4348K, committed 4352K, reserved 1048576K
}
Event: 6.302 GC heap before
{Heap before GC invocations=9 (full 0):
 garbage-first heap   total 154624K, used 81779K [0x0000000702000000, 0x0000000800000000)
  region size 1024K, 58 young (59392K), 6 survivors (6144K)
 Metaspace       used 35266K, capacity 35825K, committed 35920K, reserved 1081344K
  class space    used 4199K, capacity 4415K, committed 4480K, reserved 1048576K
}
Event: 6.312 GC heap after
{Heap after GC invocations=10 (full 0):
 garbage-first heap   total 186368K, used 30312K [0x0000000702000000, 0x0000000800000000)
  region size 1024K, 2 young (2048K), 2 survivors (2048K)
 Metaspace       used 35266K, capacity 35825K, committed 35920K, reserved 1081344K
  class space    used 4199K, capacity 4415K, committed 4480K, reserved 1048576K
}
Event: 299.728 GC heap before
{Heap before GC invocations=11 (full 0):
 garbage-first heap   total 109568K, used 93800K [0x0000000702000000, 0x0000000800000000)
  region size 1024K, 64 young (65536K), 2 survivors (2048K)
 Metaspace       used 45433K, capacity 46203K, committed 46384K, reserved 1089536K
  class space    used 5394K, capacity 5643K, committed 5760K, reserved 1048576K
}
Event: 299.735 GC heap after
{Heap after GC invocations=12 (full 0):
 garbage-first heap   total 109568K, used 34509K [0x0000000702000000, 0x0000000800000000)
  region size 1024K, 6 young (6144K), 6 survivors (6144K)
 Metaspace       used 45433K, capacity 46203K, committed 46384K, reserved 1089536K
  class space    used 5394K, capacity 5643K, committed 5760K, reserved 1048576K
}

